2016-03-14 05:33:34 



















2016-03-14 05:33:34 MAcoin version v0.8.7.1-gaa77ae3-beta ()
2016-03-14 05:33:34 Using OpenSSL version OpenSSL 1.0.1q 3 Dec 2015
2016-03-14 05:33:34 Default data directory /home/knute/.learncoin
2016-03-14 05:33:34 Using data directory /home/knute/.learncoin
2016-03-14 05:33:34 Using at most 125 connections (1024 file descriptors available)
2016-03-14 05:33:34 Using 4 threads for script verification
2016-03-14 05:33:34 init message: Verifying wallet...
2016-03-14 05:33:34 dbenv.open LogDir=/home/knute/.learncoin/database ErrorFile=/home/knute/.learncoin/db.log
2016-03-14 05:33:34 Bound to [::]:9333
2016-03-14 05:33:34 Bound to 0.0.0.0:9333
2016-03-14 05:33:34 init message: Loading block index...
2016-03-14 05:33:34 Opening LevelDB in /home/knute/.learncoin/blocks/index
2016-03-14 05:33:34 Opened LevelDB successfully
2016-03-14 05:33:34 Opening LevelDB in /home/knute/.learncoin/chainstate
2016-03-14 05:33:34 Opened LevelDB successfully
2016-03-14 05:33:34 LoadBlockIndexDB(): last block file = 0
2016-03-14 05:33:34 LoadBlockIndexDB(): transaction index disabled
2016-03-14 05:33:34 Initializing databases...
2016-03-14 05:33:34 a3b7d4d396a76d9430997a58ff8b6715b485f14f5fc9798e8c8091ac7ef62d1a
2016-03-14 05:33:34 0000000000000000000000000000000000000000000000000000000000000000
2016-03-14 05:33:34 e9084ee9cc0646f109c8fe134482a7ed2a174d3e71ec36656e2eddd076f41d10
2016-03-15 03:00:23 



















2016-03-15 03:00:23 MAcoin version v0.8.7.1-gaa77ae3-beta ()
2016-03-15 03:00:23 Using OpenSSL version OpenSSL 1.0.1q 3 Dec 2015
2016-03-15 03:00:23 Default data directory /home/knute/.learncoin
2016-03-15 03:00:23 Using data directory /home/knute/.learncoin
2016-03-15 03:00:23 Using at most 125 connections (1024 file descriptors available)
2016-03-15 03:00:23 Using 4 threads for script verification
2016-03-15 03:00:23 init message: Verifying wallet...
2016-03-15 03:00:23 dbenv.open LogDir=/home/knute/.learncoin/database ErrorFile=/home/knute/.learncoin/db.log
2016-03-15 03:00:23 Bound to [::]:9333
2016-03-15 03:00:23 Bound to 0.0.0.0:9333
2016-03-15 03:00:23 init message: Loading block index...
2016-03-15 03:00:23 Opening LevelDB in /home/knute/.learncoin/blocks/index
2016-03-15 03:00:23 Opened LevelDB successfully
2016-03-15 03:00:23 Opening LevelDB in /home/knute/.learncoin/chainstate
2016-03-15 03:00:23 Opened LevelDB successfully
2016-03-15 03:00:23 LoadBlockIndexDB(): last block file = 0
2016-03-15 03:00:23 LoadBlockIndexDB(): transaction index disabled
2016-03-15 03:00:23 Initializing databases...
2016-03-15 03:00:23 a3b7d4d396a76d9430997a58ff8b6715b485f14f5fc9798e8c8091ac7ef62d1a
2016-03-15 03:00:23 0000000000000000000000000000000000000000000000000000000000000000
2016-03-15 03:00:23 e9084ee9cc0646f109c8fe134482a7ed2a174d3e71ec36656e2eddd076f41d10
2016-03-15 03:00:23 CBlock(hash=a3b7d4d396a76d9430997a58ff8b6715b485f14f5fc9798e8c8091ac7ef62d1a, input=010000000000000000000000000000000000000000000000000000000000000000000000101df476d0dd2e6e6536ec713e4d172aeda7824413fec809f14606cce94e08e9b9aa8e4ef0ff0f1e00000000, PoW=879382e2476402604a3fa9214b17d6eef615c1ce06c3aeebc351a19498c6bcd9, ver=1, hashPrevBlock=0000000000000000000000000000000000000000000000000000000000000000, hashMerkleRoot=e9084ee9cc0646f109c8fe134482a7ed2a174d3e71ec36656e2eddd076f41d10, nTime=1317972665, nBits=1e0ffff0, nNonce=0, vtx=1)
2016-03-15 03:00:23   CTransaction(hash=e9084ee9cc0646f109c8fe134482a7ed2a174d3e71ec36656e2eddd076f41d10, ver=1, vin.size=1, vout.size=1, nLockTime=0)
    CTxIn(COutPoint(0000000000000000000000000000000000000000000000000000000000000000, 4294967295), coinbase 04ffff001d01040c2d3e204d41636f696e203c2d)
    CTxOut(nValue=50.00000000, scriptPubKey=040184710fa689ad5023690c80f3a4)
  vMerkleTree: e9084ee9cc0646f109c8fe134482a7ed2a174d3e71ec36656e2eddd076f41d10 
2016-03-15 03:03:07 



















2016-03-15 03:03:07 MAcoin version v0.8.7.1-gaa77ae3-beta ()
2016-03-15 03:03:07 Using OpenSSL version OpenSSL 1.0.1q 3 Dec 2015
2016-03-15 03:03:07 Default data directory /home/knute/.learncoin
2016-03-15 03:03:07 Using data directory /home/knute/.learncoin
2016-03-15 03:03:07 Using at most 125 connections (1024 file descriptors available)
2016-03-15 03:03:07 Using 4 threads for script verification
2016-03-15 03:03:07 init message: Verifying wallet...
2016-03-15 03:03:07 dbenv.open LogDir=/home/knute/.learncoin/database ErrorFile=/home/knute/.learncoin/db.log
2016-03-15 03:03:07 Bound to [::]:9333
2016-03-15 03:03:07 Bound to 0.0.0.0:9333
2016-03-15 03:03:07 init message: Loading block index...
2016-03-15 03:03:07 Opening LevelDB in /home/knute/.learncoin/blocks/index
2016-03-15 03:03:07 Opened LevelDB successfully
2016-03-15 03:03:07 Opening LevelDB in /home/knute/.learncoin/chainstate
2016-03-15 03:03:07 Opened LevelDB successfully
2016-03-15 03:03:07 LoadBlockIndexDB(): last block file = 0
2016-03-15 03:03:07 LoadBlockIndexDB(): transaction index disabled
2016-03-15 03:03:07 Initializing databases...
2016-03-15 03:03:07 a3b7d4d396a76d9430997a58ff8b6715b485f14f5fc9798e8c8091ac7ef62d1a
2016-03-15 03:03:07 0000000000000000000000000000000000000000000000000000000000000000
2016-03-15 03:03:07 e9084ee9cc0646f109c8fe134482a7ed2a174d3e71ec36656e2eddd076f41d10
2016-03-15 03:03:07 CBlock(hash=a3b7d4d396a76d9430997a58ff8b6715b485f14f5fc9798e8c8091ac7ef62d1a, input=010000000000000000000000000000000000000000000000000000000000000000000000101df476d0dd2e6e6536ec713e4d172aeda7824413fec809f14606cce94e08e9b9aa8e4ef0ff0f1e00000000, PoW=879382e2476402604a3fa9214b17d6eef615c1ce06c3aeebc351a19498c6bcd9, ver=1, hashPrevBlock=0000000000000000000000000000000000000000000000000000000000000000, hashMerkleRoot=e9084ee9cc0646f109c8fe134482a7ed2a174d3e71ec36656e2eddd076f41d10, nTime=1317972665, nBits=1e0ffff0, nNonce=0, vtx=1)
2016-03-15 03:03:07   CTransaction(hash=e9084ee9cc0646f109c8fe134482a7ed2a174d3e71ec36656e2eddd076f41d10, ver=1, vin.size=1, vout.size=1, nLockTime=0)
    CTxIn(COutPoint(0000000000000000000000000000000000000000000000000000000000000000, 4294967295), coinbase 04ffff001d01040c2d3e204d41636f696e203c2d)
    CTxOut(nValue=50.00000000, scriptPubKey=040184710fa689ad5023690c80f3a4)
  vMerkleTree: e9084ee9cc0646f109c8fe134482a7ed2a174d3e71ec36656e2eddd076f41d10 
2016-03-15 03:27:30 



















2016-03-15 03:27:30 MAcoin version v0.8.7.1-gaa77ae3-beta ()
2016-03-15 03:27:30 Using OpenSSL version OpenSSL 1.0.1q 3 Dec 2015
2016-03-15 03:27:30 Default data directory /home/knute/.learncoin
2016-03-15 03:27:30 Using data directory /home/knute/.learncoin
2016-03-15 03:27:30 Using at most 125 connections (1024 file descriptors available)
2016-03-15 03:27:30 Using 4 threads for script verification
2016-03-15 03:27:30 init message: Verifying wallet...
2016-03-15 03:27:30 dbenv.open LogDir=/home/knute/.learncoin/database ErrorFile=/home/knute/.learncoin/db.log
2016-03-15 03:27:30 Bound to [::]:9333
2016-03-15 03:27:30 Bound to 0.0.0.0:9333
2016-03-15 03:27:30 init message: Loading block index...
2016-03-15 03:27:30 Opening LevelDB in /home/knute/.learncoin/blocks/index
2016-03-15 03:27:30 Opened LevelDB successfully
2016-03-15 03:27:30 Opening LevelDB in /home/knute/.learncoin/chainstate
2016-03-15 03:27:31 Opened LevelDB successfully
2016-03-15 03:27:31 LoadBlockIndexDB(): last block file = 0
2016-03-15 03:27:31 LoadBlockIndexDB(): transaction index disabled
2016-03-15 03:27:31 Initializing databases...
2016-03-15 03:27:31 a3b7d4d396a76d9430997a58ff8b6715b485f14f5fc9798e8c8091ac7ef62d1a
2016-03-15 03:27:31 0000000000000000000000000000000000000000000000000000000000000000
2016-03-15 03:27:31 e9084ee9cc0646f109c8fe134482a7ed2a174d3e71ec36656e2eddd076f41d10
2016-03-15 03:27:31 Searching for genesis block...
2016-03-15 03:27:31 nonce 00000000: hash = 879382e2476402604a3fa9214b17d6eef615c1ce06c3aeebc351a19498c6bcd9 (target = 00000ffff0000000000000000000000000000000000000000000000000000000)
2016-03-15 03:27:36 nonce 00001000: hash = c3bd5214eabf28c7c8a2c0be21ded890930df7ff655c74b3c6df202641eb6b5f (target = 00000ffff0000000000000000000000000000000000000000000000000000000)
2016-03-15 03:27:42 nonce 00002000: hash = 9e25397e66ec6e5088d4b20a7c029a2f6d03915fa4e1ff6c92dfcd390b4cf02f (target = 00000ffff0000000000000000000000000000000000000000000000000000000)
2016-03-15 03:27:47 nonce 00003000: hash = cedd540be9d82ad9389069794895069c5e60b6d36c3347930a854adc4d8eaa0d (target = 00000ffff0000000000000000000000000000000000000000000000000000000)
2016-03-15 03:27:52 nonce 00004000: hash = 76eff0ac9da3995a16f52cf05e345debdd6185e431a8af0ddce34f9cdbb74b5f (target = 00000ffff0000000000000000000000000000000000000000000000000000000)
2016-03-15 03:27:58 nonce 00005000: hash = 932d3a69cd349fcc8eda1d52c670d5286dad0c53650af17b2a112dd02c8d975d (target = 00000ffff0000000000000000000000000000000000000000000000000000000)
2016-03-15 03:28:03 nonce 00006000: hash = 234b4d1eb88cc49b07f1a4d38e2ab37d043134efda74181da13584fb17e0394f (target = 00000ffff0000000000000000000000000000000000000000000000000000000)
2016-03-15 03:28:09 nonce 00007000: hash = 8a06cd714934a3f6622c837b99a38ecfccbc13ef7807e17beedcf443406b0b4c (target = 00000ffff0000000000000000000000000000000000000000000000000000000)
2016-03-15 03:28:14 nonce 00008000: hash = e8d15ec9971247b7ff418fc4adcf8945d1b8119d19de28d971588bf956beddb7 (target = 00000ffff0000000000000000000000000000000000000000000000000000000)
2016-03-15 03:28:19 nonce 00009000: hash = c955b0baf48a0785e1f11001f0b3e46ee6005c6e930f6b5a4375b6a1691f4ec2 (target = 00000ffff0000000000000000000000000000000000000000000000000000000)
2016-03-15 03:28:25 nonce 0000A000: hash = 35b4e8e1196ef567487ec799ce5f8bf4408bc3cbcb02efaef5eee741aa58237a (target = 00000ffff0000000000000000000000000000000000000000000000000000000)
2016-03-15 03:28:30 nonce 0000B000: hash = 2b24fee5e3c8102df8e4924c31aa70209f1f75c45f7c34212adc763aa45ddf88 (target = 00000ffff0000000000000000000000000000000000000000000000000000000)
2016-03-15 03:28:35 nonce 0000C000: hash = c22772d51a6f53ea8c7235627f7ec6789f16197323e619d2fc188a526684eaeb (target = 00000ffff0000000000000000000000000000000000000000000000000000000)
2016-03-15 03:28:41 nonce 0000D000: hash = dbb4fb4df4810e70f4d2b14339f2a25289db5ccb90759fece24350b2f60e84c6 (target = 00000ffff0000000000000000000000000000000000000000000000000000000)
2016-03-15 03:28:46 nonce 0000E000: hash = 1529f291388dbdc9784e1f4670bbcc0be6f25da1725195e9d9cecd4595157448 (target = 00000ffff0000000000000000000000000000000000000000000000000000000)
2016-03-15 03:28:52 nonce 0000F000: hash = 74d920a4404779ff886de9c5f80ff5a07cbdfbedb1b0430b80530adb9a4dfe49 (target = 00000ffff0000000000000000000000000000000000000000000000000000000)
2016-03-15 03:28:57 nonce 00010000: hash = 6dae1cc1c56f80b159df126227c60af2521aff34304798b2107c77f03410d70e (target = 00000ffff0000000000000000000000000000000000000000000000000000000)
2016-03-15 03:29:03 nonce 00011000: hash = 9477b1c5a26e779dacec9f85e9272004977cf991c8b63eaf38b62fb40717c7b7 (target = 00000ffff0000000000000000000000000000000000000000000000000000000)
2016-03-15 03:29:08 nonce 00012000: hash = fbc3d5fd30ed34d6e157f458ed9e056cd6101b3804b46a090b6f1b946f037a4b (target = 00000ffff0000000000000000000000000000000000000000000000000000000)
2016-03-15 03:29:14 nonce 00013000: hash = a07e7618d85d109dfa1bf62da4d490d069ca6f707ad5d0c5dc8b62bdd15d7a55 (target = 00000ffff0000000000000000000000000000000000000000000000000000000)
2016-03-15 03:29:20 nonce 00014000: hash = 69b85af0e4103234ae1de37dec4e64d39ed00f81cc09f3c4c5308857afc2e1db (target = 00000ffff0000000000000000000000000000000000000000000000000000000)
2016-03-15 03:29:25 nonce 00015000: hash = 51d197e061389a8e0fecfa2e13e0a5f8c61c0a62c326c0a21e1f0b48f643c88f (target = 00000ffff0000000000000000000000000000000000000000000000000000000)
2016-03-15 03:29:30 nonce 00016000: hash = 7808d6cbeefc20b6600f16774335a9d076adbe5018303af3e66a4b19188b17b8 (target = 00000ffff0000000000000000000000000000000000000000000000000000000)
2016-03-15 03:29:36 nonce 00017000: hash = b15f154761f398a4f2e9abe8a6117e88160a1f6da40e129ce3dd33e2a05fddf4 (target = 00000ffff0000000000000000000000000000000000000000000000000000000)
2016-03-15 03:29:41 nonce 00018000: hash = 0da368527323852929704425921931c552c466aa0371afd080a43bbb8ca9a1c8 (target = 00000ffff0000000000000000000000000000000000000000000000000000000)
2016-03-15 03:29:47 nonce 00019000: hash = 761053d5ae37e87b5bc609947118c5e80bda7b29c2bfcaf643d2aacce4f37e2c (target = 00000ffff0000000000000000000000000000000000000000000000000000000)
2016-03-15 03:29:52 nonce 0001A000: hash = d8c86a2f47ef77982923faf302af3f883777ce239a67908e5746f28d9e9a98e4 (target = 00000ffff0000000000000000000000000000000000000000000000000000000)
2016-03-15 03:29:57 nonce 0001B000: hash = 5b221ad6122af0dd37e580069bb6a81702f7ccd1ce4c2f3fe183c67683fde346 (target = 00000ffff0000000000000000000000000000000000000000000000000000000)
2016-03-15 03:30:03 nonce 0001C000: hash = 5b8b431df55387e563f7bc5adab932420adb0c4881f3d0507c8f972f3d8cb4d7 (target = 00000ffff0000000000000000000000000000000000000000000000000000000)
2016-03-15 03:30:08 nonce 0001D000: hash = 16f86db046499e58b57fa26e4ea4e2c5a3b566d5c2493323a1a94c51ec8bc330 (target = 00000ffff0000000000000000000000000000000000000000000000000000000)
2016-03-15 03:30:13 nonce 0001E000: hash = b67e3a89cd60c4a9eeaa02688962c92802a9537ad4f8fd4d79835139470774af (target = 00000ffff0000000000000000000000000000000000000000000000000000000)
2016-03-15 03:30:19 nonce 0001F000: hash = c9f0dfd2818b667617e8833467a8831f7b382eff0e170a8bd66ac9adeff13bd4 (target = 00000ffff0000000000000000000000000000000000000000000000000000000)
2016-03-15 03:30:24 nonce 00020000: hash = 79524002958a53c23bd204e61868da3c798c1325e26d2bc9fb2683f8a06bcac2 (target = 00000ffff0000000000000000000000000000000000000000000000000000000)
2016-03-15 03:30:29 nonce 00021000: hash = 39e8e7d0662b09618e678b7735895f395a847a2220523fa7af96c9667a18d67d (target = 00000ffff0000000000000000000000000000000000000000000000000000000)
2016-03-15 03:30:35 nonce 00022000: hash = d78f2b88b65ad5198403e7983b5a90d7a1fec9fdde3c0e7f68ad98fefddeb722 (target = 00000ffff0000000000000000000000000000000000000000000000000000000)
2016-03-15 03:30:40 nonce 00023000: hash = 79b641d951bd63445775be17a81f3827eefa4b502849d0c389bda164ebabc7ac (target = 00000ffff0000000000000000000000000000000000000000000000000000000)
2016-03-15 03:30:45 nonce 00024000: hash = df8cc96e45b7755444652ca09891a00a5e1b0b4da58087d0af7c6d8def7b9d0e (target = 00000ffff0000000000000000000000000000000000000000000000000000000)
2016-03-15 03:30:51 nonce 00025000: hash = bd5d7d2b54218f1810555e9b158b8e35d32491f0ef9c258d983fc679caf715a2 (target = 00000ffff0000000000000000000000000000000000000000000000000000000)
2016-03-15 03:30:56 nonce 00026000: hash = 981345a52dce606ca846289e966b67e6d061b6ac8eddcc47581b8ce6c75610f1 (target = 00000ffff0000000000000000000000000000000000000000000000000000000)
2016-03-15 03:31:01 nonce 00027000: hash = 64de1cbc042d1b025f002bc70b64d84e2ee206c17987424e8ec81ab6c500c849 (target = 00000ffff0000000000000000000000000000000000000000000000000000000)
2016-03-15 03:31:07 nonce 00028000: hash = e310daf0b4d86188390b3d81a5951d3f78f6edbac1062a179d78b111612cba09 (target = 00000ffff0000000000000000000000000000000000000000000000000000000)
2016-03-15 03:31:12 nonce 00029000: hash = 5af3c21050daf08aff11a9a3eaea3baecc03051998c05f3830706b5e42c5f153 (target = 00000ffff0000000000000000000000000000000000000000000000000000000)
2016-03-15 03:31:17 nonce 0002A000: hash = 519f05a82bb3210908103aa62ec2e8b81ec9838226da2f632aed3a794a746bab (target = 00000ffff0000000000000000000000000000000000000000000000000000000)
2016-03-15 03:31:23 nonce 0002B000: hash = 480bdbd378e898f02ee9eb4941d17c6225152ccef98f9c2fe96bbe75b5100686 (target = 00000ffff0000000000000000000000000000000000000000000000000000000)
2016-03-15 03:31:28 nonce 0002C000: hash = c36f5376b96a4fd1cce1e8b59ab83ef6342292565e303a9f8dce04e099da9b51 (target = 00000ffff0000000000000000000000000000000000000000000000000000000)
2016-03-15 03:31:33 nonce 0002D000: hash = 37f2c3a1f2f46b17b7462f182bc2bded8b3ed895ca657c1e92ea3812eb290011 (target = 00000ffff0000000000000000000000000000000000000000000000000000000)
2016-03-15 03:31:39 nonce 0002E000: hash = 0640c7cdb0948d40580bac260e7751f8c22adfcc05d2342ddf4f112810c058be (target = 00000ffff0000000000000000000000000000000000000000000000000000000)
2016-03-15 03:31:44 nonce 0002F000: hash = f9a1b560212c6949152cdecb1e494083b7b07c49ce00b8b3d8d32673d6c9917c (target = 00000ffff0000000000000000000000000000000000000000000000000000000)
2016-03-15 03:31:49 nonce 00030000: hash = dcf89bb6605ea45752b500599160216af72568beacdb4554489b2850a475cd35 (target = 00000ffff0000000000000000000000000000000000000000000000000000000)
2016-03-15 03:31:55 nonce 00031000: hash = f32664b4426bd016fe7e431b27f0179cb97a7b5ed776877b829edb57c5c1d0e5 (target = 00000ffff0000000000000000000000000000000000000000000000000000000)
2016-03-15 03:32:00 nonce 00032000: hash = c090c8d06ae7b1c8c0f8a5979d04202ec0f6ecc287c5c59c9db1f6a41c0da7e5 (target = 00000ffff0000000000000000000000000000000000000000000000000000000)
2016-03-15 03:32:05 nonce 00033000: hash = 9f0a286c4e9060fce30955133e0aa896d4ad24a6996ea28a0f5ae1b81d777be9 (target = 00000ffff0000000000000000000000000000000000000000000000000000000)
2016-03-15 03:32:10 nonce 00034000: hash = f6a2b9fc3b7a479f76bfcc462677a4003c86ecf78760dd02a9491a6d2a25fc82 (target = 00000ffff0000000000000000000000000000000000000000000000000000000)
2016-03-15 03:32:16 nonce 00035000: hash = 858310e71aae0fa94e3c60537dcfc64169e658581763c3084ea07e2f6e8460ef (target = 00000ffff0000000000000000000000000000000000000000000000000000000)
2016-03-15 03:32:21 nonce 00036000: hash = f594b70b2412cb6f9b108c7987ba6c3645cec3967fcb3c1c2e5f1b8850635550 (target = 00000ffff0000000000000000000000000000000000000000000000000000000)
2016-03-15 03:32:26 nonce 00037000: hash = 4efe36c59aa3c51e6b280aba15913949dfb1c86f162d2831d03179b5e896e7db (target = 00000ffff0000000000000000000000000000000000000000000000000000000)
2016-03-15 03:32:32 nonce 00038000: hash = b991da54e5aea890447c4cead809d35e27ef701949317d927ae52898525773be (target = 00000ffff0000000000000000000000000000000000000000000000000000000)
2016-03-15 03:32:37 nonce 00039000: hash = 0a868cc69f26c89e62838ee0f49fea4ff6da01c4516745cab65b4d6b88ea5e47 (target = 00000ffff0000000000000000000000000000000000000000000000000000000)
2016-03-15 03:32:42 nonce 0003A000: hash = 3d82c38782a0dd763361ba3653b727a24741ffe1d9fbe108b16017bad431cb13 (target = 00000ffff0000000000000000000000000000000000000000000000000000000)
2016-03-15 03:32:48 nonce 0003B000: hash = 211a2e83b20a8b753b9270ba0546a45f169ed682068eb9afb569ed89494a2d1e (target = 00000ffff0000000000000000000000000000000000000000000000000000000)
2016-03-15 03:32:50 Error: Cannot obtain a lock on data directory /home/knute/.learncoin. MAcoin is probably already running.
2016-03-15 03:32:50 Shutdown : In progress...
2016-03-15 03:32:50 StopNode()
2016-03-15 03:32:50 Flushed 0 addresses to peers.dat  54ms
2016-03-15 03:32:50 Shutdown : done
2016-03-15 03:32:53 nonce 0003C000: hash = 903acac3ee1650ae9fb0813ba5a90554dd47101a83ced6255083e8b026e12fc0 (target = 00000ffff0000000000000000000000000000000000000000000000000000000)
2016-03-15 03:32:58 nonce 0003D000: hash = 7ed01bbf495678dac5434499e9eaa1cab398e8bb670a110ffbdeb368e7c170dc (target = 00000ffff0000000000000000000000000000000000000000000000000000000)
2016-03-15 03:33:04 nonce 0003E000: hash = bde3dec1bab1f99b777d9e2d07ea40803a98a98e47a99da77be35745cfdedbe4 (target = 00000ffff0000000000000000000000000000000000000000000000000000000)
2016-03-15 03:33:04 Error: Cannot obtain a lock on data directory /home/knute/.learncoin. MAcoin is probably already running.
2016-03-15 03:33:04 Shutdown : In progress...
2016-03-15 03:33:04 StopNode()
2016-03-15 03:33:04 Flushed 0 addresses to peers.dat  43ms
2016-03-15 03:33:04 Shutdown : done
2016-03-15 03:33:09 nonce 0003F000: hash = 23954a82d9a8ad967d976af4eb23d4d80345e62819729901d8a637fe16736aee (target = 00000ffff0000000000000000000000000000000000000000000000000000000)
2016-03-15 03:33:14 nonce 00040000: hash = 9900acd9f8a7edb50544cff14a9bdc4267d753bae6802f3cd01adb9533a7fcf9 (target = 00000ffff0000000000000000000000000000000000000000000000000000000)
2016-03-15 03:33:15 Error: Cannot obtain a lock on data directory /home/knute/.learncoin. MAcoin is probably already running.
2016-03-15 03:33:15 Shutdown : In progress...
2016-03-15 03:33:15 StopNode()
2016-03-15 03:33:15 Flushed 0 addresses to peers.dat  54ms
2016-03-15 03:33:15 Shutdown : done
2016-03-15 03:33:20 nonce 00041000: hash = 7dd6f019642f0be916aa2e20d6191fce56ddfa10d9ad82f1db5d546ead4b1e1a (target = 00000ffff0000000000000000000000000000000000000000000000000000000)
2016-03-15 03:33:26 nonce 00042000: hash = 35b72eec0c97108a4e6269f98c4ef2f212e546b536e1a9d74fc12bcb682cceed (target = 00000ffff0000000000000000000000000000000000000000000000000000000)
2016-03-15 03:33:31 nonce 00043000: hash = 83e169f8cfdc14a4693150434058f30c25b8a82496d456826feda5ba203be25a (target = 00000ffff0000000000000000000000000000000000000000000000000000000)
2016-03-15 03:33:37 nonce 00044000: hash = 11394f21cf647a277e14aef846f9fde3e7153d7fd6ef97ca500e2edc340fc962 (target = 00000ffff0000000000000000000000000000000000000000000000000000000)
2016-03-15 03:33:43 nonce 00045000: hash = ee045407185c299f1e2854b9dc227b85b0ed93bbe777c3a82373fcbf0ab2126e (target = 00000ffff0000000000000000000000000000000000000000000000000000000)
2016-03-15 03:33:48 nonce 00046000: hash = c710a1a3a26d9b30d114213b4e5417a745da8c20146d1f493832400be0d3cece (target = 00000ffff0000000000000000000000000000000000000000000000000000000)
2016-03-15 03:33:54 nonce 00047000: hash = 63d2386d1a6b4ac4e6435aea63db404d2a9f646cc1f39223a869d15ec613aa7c (target = 00000ffff0000000000000000000000000000000000000000000000000000000)
2016-03-15 03:34:00 nonce 00048000: hash = d34fb51816a2c513922f9a5fbbd3256133cd746950ee564e5f1b595e4bb0d6c4 (target = 00000ffff0000000000000000000000000000000000000000000000000000000)
2016-03-15 03:34:06 nonce 00049000: hash = 230d5a740b8160dfe0427585fb43979d0e14fe0fbc9a23b169a2d3b14621c3a9 (target = 00000ffff0000000000000000000000000000000000000000000000000000000)
2016-03-15 03:34:12 nonce 0004A000: hash = 631bf49c597132273a4232d8e1be34834382b929da9a2d68f91a0483269cba79 (target = 00000ffff0000000000000000000000000000000000000000000000000000000)
2016-03-15 03:34:18 nonce 0004B000: hash = 1a268b3807aa81227c39255ebf88070593b805dffc3191ec475d09ea8eb7a9f0 (target = 00000ffff0000000000000000000000000000000000000000000000000000000)
2016-03-15 03:34:23 nonce 0004C000: hash = 8c115035ae208af2202506d395c2f32cea411805821a34c002d5c1ff0ebeb3e6 (target = 00000ffff0000000000000000000000000000000000000000000000000000000)
2016-03-15 03:34:29 nonce 0004D000: hash = 3250d9721785610b8c5b4a2812792d98668f008cb8a39cef9c047c3fa8af0b56 (target = 00000ffff0000000000000000000000000000000000000000000000000000000)
2016-03-15 03:34:35 nonce 0004E000: hash = 8f9187e324c221fb24f22fc5861dc45fe8a8893a99b217f287a39399e47b82c4 (target = 00000ffff0000000000000000000000000000000000000000000000000000000)
2016-03-15 03:34:40 nonce 0004F000: hash = 519a6360ee8307b65b0b21cea13186aaaaa4083d177ec733290c1e0ede5beafb (target = 00000ffff0000000000000000000000000000000000000000000000000000000)
2016-03-15 03:34:45 nonce 00050000: hash = 0522c2c743db0e7356a08e4f581427730bb05991b5999dd0a87f075b75771b36 (target = 00000ffff0000000000000000000000000000000000000000000000000000000)
2016-03-15 03:34:51 nonce 00051000: hash = 18c94458c347edae0c9be11f4a9a0ac8b135f0c14685bd915ed47138d9d9e0d4 (target = 00000ffff0000000000000000000000000000000000000000000000000000000)
2016-03-15 03:34:56 nonce 00052000: hash = a242b12cc95a8805a22778df5e10bcc08a5ef0fedcfd0fbe13bc9590fb8b72a8 (target = 00000ffff0000000000000000000000000000000000000000000000000000000)
2016-03-15 03:35:02 nonce 00053000: hash = b56069bd50fb168b4c7e88e6578f78370e4098cad24c86f39fc8570746104a50 (target = 00000ffff0000000000000000000000000000000000000000000000000000000)
2016-03-15 03:35:07 nonce 00054000: hash = 3fc05841016a11c4bc217f136e36be253cf93faa06e5064c9cf8c8dc283e7ab1 (target = 00000ffff0000000000000000000000000000000000000000000000000000000)
2016-03-15 03:35:13 nonce 00055000: hash = 5a88a2f9a4d1780a8507d376d4e4ee8f4020dad571c6b5e61a93b16d5d2b80eb (target = 00000ffff0000000000000000000000000000000000000000000000000000000)
2016-03-15 03:35:18 nonce 00056000: hash = 524c686cbbf850e62cd2aa9d482b93d579dd587242d4cf8626474951127d1ba4 (target = 00000ffff0000000000000000000000000000000000000000000000000000000)
2016-03-15 03:35:24 nonce 00057000: hash = 521093c4580353519d4f842e5703aef5ab2cdd86556d13348edc1f0ec7ed5597 (target = 00000ffff0000000000000000000000000000000000000000000000000000000)
2016-03-15 03:35:29 nonce 00058000: hash = f6a628a86f7a100be7ab01a387c8a2f1f654b5d7e9a8b9ca3bdd97397cdbf7c3 (target = 00000ffff0000000000000000000000000000000000000000000000000000000)
2016-03-15 03:35:34 nonce 00059000: hash = e80946fdfa7eded46be97ed73ea2cff9db3c543b60153707807183dd6cd2fe73 (target = 00000ffff0000000000000000000000000000000000000000000000000000000)
2016-03-15 03:35:40 nonce 0005A000: hash = f3805a9f130351c7a6c1260bda1bc66ed1ee5ffca7bbe8eee62d3bf78fd98bc0 (target = 00000ffff0000000000000000000000000000000000000000000000000000000)
2016-03-15 03:35:45 nonce 0005B000: hash = bf487665320a44d114ac75c6a7466ed14551b2b8a7c7e80c034dc4c318a04d08 (target = 00000ffff0000000000000000000000000000000000000000000000000000000)
2016-03-15 03:35:51 nonce 0005C000: hash = 6b55d4fd0cff900ceaf2da654f4c3ddeb212e751b44f518b2eb1eee37b09a307 (target = 00000ffff0000000000000000000000000000000000000000000000000000000)
2016-03-15 03:35:57 nonce 0005D000: hash = 1dcc90ac3116a08214017ec6913c2f688a8a34f20349e7c43a9a58680d019e09 (target = 00000ffff0000000000000000000000000000000000000000000000000000000)
2016-03-15 03:36:02 nonce 0005E000: hash = c92f21dae52b67e39e5ef5c0715455b415fb92542626b951a4328cbcba67167f (target = 00000ffff0000000000000000000000000000000000000000000000000000000)
2016-03-15 03:36:08 nonce 0005F000: hash = ea2ba294d90aa3927af66943b59aae8900dc09aac978b30b1df9e7c0df875eae (target = 00000ffff0000000000000000000000000000000000000000000000000000000)
2016-03-15 03:36:14 nonce 00060000: hash = f4c7da817ccb3c7fb5664a1494dc8837fb13de4e5a91c69bffdfd580f95734eb (target = 00000ffff0000000000000000000000000000000000000000000000000000000)
2016-03-15 03:36:19 nonce 00061000: hash = 348a737624891054c64bf4846049913e972d2a5b53f2a908b0a63eaf80413412 (target = 00000ffff0000000000000000000000000000000000000000000000000000000)
2016-03-15 03:36:25 nonce 00062000: hash = 94c09522cff5997cbea98fa37ce4adb2764cc754eb9facd3d5ccd2892028dc52 (target = 00000ffff0000000000000000000000000000000000000000000000000000000)
2016-03-15 03:36:30 nonce 00063000: hash = faf1fb64decac083ec78030723fb2809909f32fa37619cc8ee202bbfb2dc2cbc (target = 00000ffff0000000000000000000000000000000000000000000000000000000)
2016-03-15 03:36:35 nonce 00064000: hash = b0dafb7f685dac66887fb5254eb162901efcf0941468e0ad414e8236c1da9bf6 (target = 00000ffff0000000000000000000000000000000000000000000000000000000)
2016-03-15 03:36:41 nonce 00065000: hash = 3bc2b5bd6055af7d6768602edf0d76fa89b26978f394b91b8d8257a6dae3b204 (target = 00000ffff0000000000000000000000000000000000000000000000000000000)
2016-03-15 03:36:46 nonce 00066000: hash = 5ab209c3f06a3749bf85f662a563847ff789b5c47253d6ae0d6c9a6f4bea198b (target = 00000ffff0000000000000000000000000000000000000000000000000000000)
2016-03-15 03:36:52 nonce 00067000: hash = 0aff7a4d83c493ea68d6ce96d29b09833a25af08a631b8480530dcfa32f05e86 (target = 00000ffff0000000000000000000000000000000000000000000000000000000)
2016-03-15 03:36:57 nonce 00068000: hash = f4c584f7a0034bb6301e08b1307c664de12e0091d692383078f0cb96c6e5cd94 (target = 00000ffff0000000000000000000000000000000000000000000000000000000)
2016-03-15 03:37:02 nonce 00069000: hash = 15196747c76c5c5cfbc508377a2f1fa2e5567d8c2b9e9e913133074ba7d44e37 (target = 00000ffff0000000000000000000000000000000000000000000000000000000)
2016-03-15 03:37:08 nonce 0006A000: hash = 88be11669ce9ab476dcce40be36f313fac1d4a9ffae64f205c8828f1213b787e (target = 00000ffff0000000000000000000000000000000000000000000000000000000)
2016-03-15 03:37:13 nonce 0006B000: hash = e888347f9e5f100488c27de6bb5ff42ebd8ed62ec3267f6ea7b7e95e41370103 (target = 00000ffff0000000000000000000000000000000000000000000000000000000)
2016-03-15 03:37:18 nonce 0006C000: hash = b331a782495cf961f8380f0bee7100719c7cc1ae202e5db7963bb74427eaaf87 (target = 00000ffff0000000000000000000000000000000000000000000000000000000)
2016-03-15 03:37:24 nonce 0006D000: hash = b76181fd494a1d794ffd969f7a9b7728846e9f9c94234864262bcd5a8be1f8b3 (target = 00000ffff0000000000000000000000000000000000000000000000000000000)
2016-03-15 03:37:29 nonce 0006E000: hash = 9e8bf615654a71fc7c5c1cc66a89e097b0af6dc25c5262cd7a44c58ab44d6475 (target = 00000ffff0000000000000000000000000000000000000000000000000000000)
2016-03-15 03:37:34 nonce 0006F000: hash = d743b0d80777b93d968d018f63a23eb3f2bb104cda7b399b5673a29c65e9aa0e (target = 00000ffff0000000000000000000000000000000000000000000000000000000)
2016-03-15 03:37:40 nonce 00070000: hash = 80f751c876157051ccdc461d3b5b6814bd0ffdf52b396c761e995da6aec274e9 (target = 00000ffff0000000000000000000000000000000000000000000000000000000)
2016-03-15 03:37:45 nonce 00071000: hash = a673267c301d37c9f68abe97e63d795173a30e63aa844781747a2822dfd1a004 (target = 00000ffff0000000000000000000000000000000000000000000000000000000)
2016-03-15 03:37:50 nonce 00072000: hash = 458083431e88aef01dc98175dcec3b1b2910059974e015c32d10490ca8619fda (target = 00000ffff0000000000000000000000000000000000000000000000000000000)
2016-03-15 03:37:56 nonce 00073000: hash = 35b52cabb554c65efcb8ed8442f00940fa6a1677b3e6e565c9d92bc5d61d03f5 (target = 00000ffff0000000000000000000000000000000000000000000000000000000)
2016-03-15 03:38:01 nonce 00074000: hash = f42ca1506f33f759f0e6ddc2c6b5b8aa93991082fdb968278f74920856f5e958 (target = 00000ffff0000000000000000000000000000000000000000000000000000000)
2016-03-15 03:38:06 nonce 00075000: hash = 92d52abfa52594f58386007586ff07489fc766677a903575426ad5b43368c22a (target = 00000ffff0000000000000000000000000000000000000000000000000000000)
2016-03-15 03:38:12 nonce 00076000: hash = c4220619507f7a49fbab9e22140193b8de1374d1809fc2601f6dc0690fc1389d (target = 00000ffff0000000000000000000000000000000000000000000000000000000)
2016-03-15 03:38:17 nonce 00077000: hash = 20fecde5b7ae684ca953c4fc83a41e3458e6d18d176fa49b4af59818b68137fc (target = 00000ffff0000000000000000000000000000000000000000000000000000000)
2016-03-15 03:38:22 nonce 00078000: hash = f6293c838493c009302e07ae7cf768e4bad826bccb81896cfbe387265a313890 (target = 00000ffff0000000000000000000000000000000000000000000000000000000)
2016-03-15 03:38:28 nonce 00079000: hash = 26b4db79777ba37db1de844e3014db71fd608b227bd375d379807e5055bfbe80 (target = 00000ffff0000000000000000000000000000000000000000000000000000000)
2016-03-15 03:38:33 nonce 0007A000: hash = 608b7452e8729351903906fbeb468c4a7d33ae0ee1f78e5bc71d8488be500d0c (target = 00000ffff0000000000000000000000000000000000000000000000000000000)
2016-03-15 03:38:39 nonce 0007B000: hash = f68ad302d84ead3d425a3ed108b2aa397c44b1c9ae9cedad35be117df6b6ea88 (target = 00000ffff0000000000000000000000000000000000000000000000000000000)
2016-03-15 03:38:44 nonce 0007C000: hash = efa15ebaa5e4391cf89d91961c74c76718f43c9aad0c5f3f8f681fce390f04e7 (target = 00000ffff0000000000000000000000000000000000000000000000000000000)
2016-03-15 03:38:50 nonce 0007D000: hash = e252dc87f0a523188fb4bf85280b9aa449b60ddb674c324eb55bcf0efe38653f (target = 00000ffff0000000000000000000000000000000000000000000000000000000)
2016-03-15 03:38:55 nonce 0007E000: hash = 83d69441ebaa9e724ffbd28f1b55c07b6a023a5a1776ba7c79ecaf03456dacd6 (target = 00000ffff0000000000000000000000000000000000000000000000000000000)
2016-03-15 03:39:01 nonce 0007F000: hash = f75ab86a8c27b873040236ce996b1aa7c7cfd6ff5f7a48a417d26170032aa381 (target = 00000ffff0000000000000000000000000000000000000000000000000000000)
2016-03-15 03:39:06 nonce 00080000: hash = 0286615aa0591e24c7211754176bd0be0da16f5adaea042dd57cebf90a0dc58c (target = 00000ffff0000000000000000000000000000000000000000000000000000000)
2016-03-15 03:39:11 nonce 00081000: hash = f9266636048913341330c171596928c1c4afaa7df69099e59ad37de31f066657 (target = 00000ffff0000000000000000000000000000000000000000000000000000000)
2016-03-15 03:39:17 nonce 00082000: hash = c81d449c45da60564bd3f317a604a5f526dfa565cbdb3766e26cf072db4aada1 (target = 00000ffff0000000000000000000000000000000000000000000000000000000)
2016-03-15 03:39:22 nonce 00083000: hash = f5887f12023e8d92d4a46387a6512f4f0ef86739a2f82a235688d521867f5f9e (target = 00000ffff0000000000000000000000000000000000000000000000000000000)
2016-03-15 03:39:27 nonce 00084000: hash = 7182b360380ad6aabab2aa8e80601075494b2ac75e12ddba95d7e5f719b0451f (target = 00000ffff0000000000000000000000000000000000000000000000000000000)
2016-03-15 03:39:33 nonce 00085000: hash = bba5c605edc890175be240bdd7994da8267f43152b1516729953cd298221337c (target = 00000ffff0000000000000000000000000000000000000000000000000000000)
2016-03-15 03:39:38 nonce 00086000: hash = 29cbeae4593431d41fa27c52d496b4fb3af010953582face3061296a568ad8d2 (target = 00000ffff0000000000000000000000000000000000000000000000000000000)
2016-03-15 03:39:44 nonce 00087000: hash = 664d5f800556941c9f67bf9341891313157494ab6e60e96343522d8b9e2ee4e2 (target = 00000ffff0000000000000000000000000000000000000000000000000000000)
2016-03-15 03:39:49 nonce 00088000: hash = 6eb565b9c359eb296b6634672995011887cc1f3c8d4136c18bb02fd0df8e8b44 (target = 00000ffff0000000000000000000000000000000000000000000000000000000)
2016-03-15 03:39:55 nonce 00089000: hash = e259fc98e82b3acf162bccd4ee141db7d17da37e17cb2fb9ed5cd6906be67c6a (target = 00000ffff0000000000000000000000000000000000000000000000000000000)
2016-03-15 03:40:00 nonce 0008A000: hash = f58df5f80632d18359f2434ca1fb7c766e47f38bea5f5b6e5ae2e7d12e24bd57 (target = 00000ffff0000000000000000000000000000000000000000000000000000000)
2016-03-15 03:40:05 nonce 0008B000: hash = 54f479bf2b377e8f7be456cf92fda81e3b226cc39a26475cbb1c54e58c75785a (target = 00000ffff0000000000000000000000000000000000000000000000000000000)
2016-03-15 03:40:11 nonce 0008C000: hash = a02b745f612304952a17387535fc5a177670dba21f8e512c2d98984f16cb5ea1 (target = 00000ffff0000000000000000000000000000000000000000000000000000000)
2016-03-15 03:40:16 nonce 0008D000: hash = e4e88e50511b4c9bb3175517c537500a62e6164af33c7ac3f2144e45e31c3cc7 (target = 00000ffff0000000000000000000000000000000000000000000000000000000)
2016-03-15 03:40:22 nonce 0008E000: hash = d03bf57a2067698954d6cfa2781653e81679195630b5da56874ba03093f13432 (target = 00000ffff0000000000000000000000000000000000000000000000000000000)
2016-03-15 03:40:27 nonce 0008F000: hash = 4f9f4bf97440e6619560ecde03dfef704f9a96ad5c3e442b178c8a28bba22fc1 (target = 00000ffff0000000000000000000000000000000000000000000000000000000)
2016-03-15 03:40:33 nonce 00090000: hash = 2b453ab4c0c06e866c2d79ba1aec9e133e5e946b32df1d7428cb351cc9a643b1 (target = 00000ffff0000000000000000000000000000000000000000000000000000000)
2016-03-15 03:40:38 nonce 00091000: hash = c777a2088e44e57701bc09a316d2916fecd634079cad16fda74e121fb0533d43 (target = 00000ffff0000000000000000000000000000000000000000000000000000000)
2016-03-15 03:40:44 nonce 00092000: hash = c1b69b2fcb67a8245a365f572575a2b1a70fb123757a002b866146be78700509 (target = 00000ffff0000000000000000000000000000000000000000000000000000000)
2016-03-15 03:40:49 nonce 00093000: hash = c8146e6de2fb419687d5f785933202ba1d9b365da7a83e37b1ca4bb93a0b7d0d (target = 00000ffff0000000000000000000000000000000000000000000000000000000)
2016-03-15 03:40:54 nonce 00094000: hash = 0bf96e65c77063078659625f9724efded093e2c6cfdc527ebb56d4cf783a1f92 (target = 00000ffff0000000000000000000000000000000000000000000000000000000)
2016-03-15 03:41:00 nonce 00095000: hash = 9e3ce2e9a908617bd1504d3ef409fdf102654884a7d5d5e77a843619032515bc (target = 00000ffff0000000000000000000000000000000000000000000000000000000)
2016-03-15 03:41:05 nonce 00096000: hash = d5cc70e1bc584444fac920b99fbbd649f44be74c2ddd12eecb19d4b9b8ac12ac (target = 00000ffff0000000000000000000000000000000000000000000000000000000)
2016-03-15 03:41:11 nonce 00097000: hash = 54b0adff3019a6c83caed94bf08e2347682e5fac3018902a41a2365c81002476 (target = 00000ffff0000000000000000000000000000000000000000000000000000000)
2016-03-15 03:41:16 nonce 00098000: hash = 51ab22c383782bcd8ae681b7fe214403f6dce6c77227c3b567f99804196644a7 (target = 00000ffff0000000000000000000000000000000000000000000000000000000)
2016-03-15 03:41:22 nonce 00099000: hash = 51da46fae15fbfe01f0308aa1628eef75d9eff8b79f6299fa7788bd01d6543c7 (target = 00000ffff0000000000000000000000000000000000000000000000000000000)
2016-03-15 03:41:28 nonce 0009A000: hash = ea53e830dab15b954c78313e4e7625b50e714e3ab29fddd947d84a4e4d94ff96 (target = 00000ffff0000000000000000000000000000000000000000000000000000000)
2016-03-15 03:41:34 nonce 0009B000: hash = e33cf634383fb859172086d34dcfed3baa3079034e02ec2dfc27d797d1186653 (target = 00000ffff0000000000000000000000000000000000000000000000000000000)
2016-03-15 03:41:39 nonce 0009C000: hash = 15ce611cdcfe282e4567298b034d8c51e77dec22e890ce18c10057af06b86010 (target = 00000ffff0000000000000000000000000000000000000000000000000000000)
2016-03-15 03:41:45 nonce 0009D000: hash = 9e0284e8fe48737be0951edb3defa5cf0416113dcbdfcdb55e1aa5c442da0ab7 (target = 00000ffff0000000000000000000000000000000000000000000000000000000)
2016-03-15 03:41:51 nonce 0009E000: hash = d18d79a92f13d4c63d9161db91974482040ab669de1c82b01515a3ce5e5eb251 (target = 00000ffff0000000000000000000000000000000000000000000000000000000)
2016-03-15 03:41:56 nonce 0009F000: hash = 36c2b2d4aa67ea381bb96ce960e3e7ece0019711a14a37c5e146282a6f3a6c07 (target = 00000ffff0000000000000000000000000000000000000000000000000000000)
2016-03-15 03:42:02 nonce 000A0000: hash = bf67e3a620f8f23ec705d328c7064791cf6da7985532b7977ead7c3902350a1a (target = 00000ffff0000000000000000000000000000000000000000000000000000000)
2016-03-15 03:42:07 nonce 000A1000: hash = 50165ea832d203896c44361a278c63b472b35ea41debff267a0b85fca5e91e96 (target = 00000ffff0000000000000000000000000000000000000000000000000000000)
2016-03-15 03:42:13 nonce 000A2000: hash = 77b796560c6d020d21001a2ce38c81321d585a9a53a3dfa66a4431c8e6afd120 (target = 00000ffff0000000000000000000000000000000000000000000000000000000)
2016-03-15 03:42:18 nonce 000A3000: hash = 8ec8dfb87c28e668dae7b9fcd94105a6d03c6add993f9ed3f8c4784f2c06d7d0 (target = 00000ffff0000000000000000000000000000000000000000000000000000000)
2016-03-15 03:42:24 nonce 000A4000: hash = 9c2106d8371f51f08ecf0ae824f0de6c588faa3eef04c3771cb8ac24f1d04d82 (target = 00000ffff0000000000000000000000000000000000000000000000000000000)
2016-03-15 03:42:29 nonce 000A5000: hash = 66c61f770f2118aae78b58429143e55f2d16d31d60321233070a43e5ae896260 (target = 00000ffff0000000000000000000000000000000000000000000000000000000)
2016-03-15 03:42:35 nonce 000A6000: hash = 3e6e6bb5b583edce2956ab9f5bd5a449a91da7943b13e4d8bfa9810df90013e8 (target = 00000ffff0000000000000000000000000000000000000000000000000000000)
2016-03-15 03:42:40 nonce 000A7000: hash = 09f5b0fcd1e8425c32f0ce762876bc12e1eed9635b32bf8af2dc7b249da02522 (target = 00000ffff0000000000000000000000000000000000000000000000000000000)
2016-03-15 03:42:46 nonce 000A8000: hash = e26d292dd69a756f11bac1f826416c4c304883db80abec3f0648c309e932d1aa (target = 00000ffff0000000000000000000000000000000000000000000000000000000)
2016-03-15 03:42:51 nonce 000A9000: hash = d5ca598f50a0f632c916bced6e4f27618ff9ddd7d1bb8851b17a160162f69a74 (target = 00000ffff0000000000000000000000000000000000000000000000000000000)
2016-03-15 03:42:57 nonce 000AA000: hash = d4fa44ce97cfdcb084c51c6b49207983c2aa6480344ab01b61c22af864bb28da (target = 00000ffff0000000000000000000000000000000000000000000000000000000)
2016-03-15 03:43:02 nonce 000AB000: hash = cf1d21e62e33d68ac409b5f6bd0666119f38cd140f4ec25af6047e98ecdf7644 (target = 00000ffff0000000000000000000000000000000000000000000000000000000)
2016-03-15 03:43:08 nonce 000AC000: hash = 5b0c54e746cd23894dc3fc478bd7f9c176e5565719867aa77f326cfd9a358d4e (target = 00000ffff0000000000000000000000000000000000000000000000000000000)
2016-03-15 03:43:13 nonce 000AD000: hash = 3d5efc68831bc9fa01f62958b4a841a05ea0b5b2138b2d72b86b643b6433262f (target = 00000ffff0000000000000000000000000000000000000000000000000000000)
2016-03-15 03:43:18 nonce 000AE000: hash = 36486401b4f48fa07d60a68692e909dfd13470f8cdf7b2e78b8c08598fcbf2bd (target = 00000ffff0000000000000000000000000000000000000000000000000000000)
2016-03-15 03:43:24 nonce 000AF000: hash = ece918dd951030307948eaa143647696514e328f855f4107e5d8d831942286a0 (target = 00000ffff0000000000000000000000000000000000000000000000000000000)
2016-03-15 03:43:29 nonce 000B0000: hash = 45b26f1b7033f7a6473bd4f193af89e0ef637c6b7fd1b95f7349b6b384463a88 (target = 00000ffff0000000000000000000000000000000000000000000000000000000)
2016-03-15 03:43:35 nonce 000B1000: hash = e53eaf4b7f8601b5dbaff65c6c4aa2bd1154cd70304f43c2ebc091f5ec9c0933 (target = 00000ffff0000000000000000000000000000000000000000000000000000000)
2016-03-15 03:43:40 nonce 000B2000: hash = 1cafd13656ecfbdb9d59a62aa2134cdba3673f6879aab560298ab152c56b3c83 (target = 00000ffff0000000000000000000000000000000000000000000000000000000)
2016-03-15 03:43:46 nonce 000B3000: hash = 133b48dd985e39380f69735839f337995cd1bd927d9e6755388dca1c88f0a14a (target = 00000ffff0000000000000000000000000000000000000000000000000000000)
2016-03-15 03:43:51 nonce 000B4000: hash = 762042aa5c56d18e28a65eb9a9697485678b598f20c8988e7217903f260d7e4d (target = 00000ffff0000000000000000000000000000000000000000000000000000000)
2016-03-15 03:43:57 nonce 000B5000: hash = 4919ea10fb17d32e16de785ff7883ac4a1cce6281949083cc861e93d86cdaacc (target = 00000ffff0000000000000000000000000000000000000000000000000000000)
2016-03-15 03:44:02 nonce 000B6000: hash = 60ea09b7e232c1ec61af2f76b4c659e905cfa66e86a5898031f6055537eeb0ae (target = 00000ffff0000000000000000000000000000000000000000000000000000000)
2016-03-15 03:44:07 nonce 000B7000: hash = 2f8a72e880f3e156a75054b4d11f492257c9c28cb0c56f5df119015aaf902064 (target = 00000ffff0000000000000000000000000000000000000000000000000000000)
2016-03-15 03:44:13 nonce 000B8000: hash = 913a9a9f2cbf318505367945981ff807a28eb22dafb990481aa271c5a7fd41f4 (target = 00000ffff0000000000000000000000000000000000000000000000000000000)
2016-03-15 03:44:18 nonce 000B9000: hash = 749d428d64d9bda78ef44f506c237207d4055577f773a050ff82e4a3cac59d06 (target = 00000ffff0000000000000000000000000000000000000000000000000000000)
2016-03-15 03:44:24 nonce 000BA000: hash = 6732feffc12ce7d0b9fa3d61ce63ca7a46c8c0cb3065f4052e6796ffb5cdbead (target = 00000ffff0000000000000000000000000000000000000000000000000000000)
2016-03-15 03:44:29 nonce 000BB000: hash = 53cb75f2cb61b47cae1f0fbafaef48eabc3262947efa495fdcfc778b242507a8 (target = 00000ffff0000000000000000000000000000000000000000000000000000000)
2016-03-15 03:44:35 nonce 000BC000: hash = 9b7e03ae0f3adeaf5dbdd5a63058aea8b575c78b0698112c967f015dcb6e5abc (target = 00000ffff0000000000000000000000000000000000000000000000000000000)
2016-03-15 03:44:40 nonce 000BD000: hash = b916aab02615d285d3b9068f441559891d896758884cb1fd2639516dfdcc3d98 (target = 00000ffff0000000000000000000000000000000000000000000000000000000)
2016-03-15 03:44:46 nonce 000BE000: hash = f8709af9dfa74e2a7e17ab09861fa9f7c1aad02489c74aa8952fa7e6587bb5f3 (target = 00000ffff0000000000000000000000000000000000000000000000000000000)
2016-03-15 03:44:51 nonce 000BF000: hash = 76038b3caf67b4b8ae8692d9cb06f83b04f92c34cf7df964a2be5ab17f0fca45 (target = 00000ffff0000000000000000000000000000000000000000000000000000000)
2016-03-15 03:44:57 nonce 000C0000: hash = 42f9ff0ebc44fec2f7acb009be53426df2bac483fe5baba0573be3c804dd3a9c (target = 00000ffff0000000000000000000000000000000000000000000000000000000)
2016-03-15 03:45:02 nonce 000C1000: hash = 4bc37301fb7a041f6f00cf24e9cf441bb48fdb81d934704a0bc6f762bf6ef0c6 (target = 00000ffff0000000000000000000000000000000000000000000000000000000)
2016-03-15 03:45:08 nonce 000C2000: hash = b322f5952a3f2e8eddae40ea541e0b9ca495cd914dcaa74598a543de8c88f7c1 (target = 00000ffff0000000000000000000000000000000000000000000000000000000)
2016-03-15 03:45:13 nonce 000C3000: hash = 8780bb8fd7e3f00027a920df0c2ba6184ee9f21e772c870df73c424995795cdd (target = 00000ffff0000000000000000000000000000000000000000000000000000000)
2016-03-15 03:45:18 nonce 000C4000: hash = 2f345d9a1c940328c3e5d050bf197b059ed2dc056244a926156385a7136c2de6 (target = 00000ffff0000000000000000000000000000000000000000000000000000000)
2016-03-15 03:45:24 nonce 000C5000: hash = f79f1ef5eff20556901148d237109b28c63965d88565df06ee593aaa5c88e67a (target = 00000ffff0000000000000000000000000000000000000000000000000000000)
2016-03-15 03:45:29 nonce 000C6000: hash = cf19842626fa5571bc31aa9083ab07defdab38dce20bd2526258b87f1f513b7f (target = 00000ffff0000000000000000000000000000000000000000000000000000000)
2016-03-15 03:45:35 nonce 000C7000: hash = 509282b5fb153998f2426f88bafa39930c7d9ac20d721ac4f6c652983a323f23 (target = 00000ffff0000000000000000000000000000000000000000000000000000000)
2016-03-15 03:45:40 nonce 000C8000: hash = f46ea39d6ef14caa0f8db54e4b4f0c0b0b2958f35a8c8c818924c66c4991d8c5 (target = 00000ffff0000000000000000000000000000000000000000000000000000000)
2016-03-15 03:45:46 nonce 000C9000: hash = b970ef2e362ac78e6ec8e8887d14e3ef1677e098be90b5a03d9ceec5606bd351 (target = 00000ffff0000000000000000000000000000000000000000000000000000000)
2016-03-15 03:45:51 nonce 000CA000: hash = 6eb5baaa299c4afd5ef34f4329b54dbe9584868c1c9a5ca00fce389db0cd2ccb (target = 00000ffff0000000000000000000000000000000000000000000000000000000)
2016-03-15 03:45:56 nonce 000CB000: hash = 7d2ccd5197198e0520b51d0dea5f01dd62ad17a365dbd57d00c8464d929fa20e (target = 00000ffff0000000000000000000000000000000000000000000000000000000)
2016-03-15 03:46:02 nonce 000CC000: hash = 2e1b32351f1df48f4061686fcd2ca5e42a6aa04b7452245f55f8dcc6f8781ebd (target = 00000ffff0000000000000000000000000000000000000000000000000000000)
2016-03-15 03:46:07 nonce 000CD000: hash = 199959f82cfac385742a40be894d3f5e31d4a7a4d2fe4ac60e13a17fb3ed9f8f (target = 00000ffff0000000000000000000000000000000000000000000000000000000)
2016-03-15 03:46:13 nonce 000CE000: hash = cb4b56dba989f4eabf8bdd718accf7953159837fbb85a7a583125196e733ea63 (target = 00000ffff0000000000000000000000000000000000000000000000000000000)
2016-03-15 03:46:18 nonce 000CF000: hash = 8944c6404cb9bb6d51ff5499a93a0c9d9fd400884060a1a74aa666cff75a7d92 (target = 00000ffff0000000000000000000000000000000000000000000000000000000)
2016-03-15 03:46:23 nonce 000D0000: hash = a154a91443a735f0ee59320b6983852eff2466da510601c08c9fd823842f1b2c (target = 00000ffff0000000000000000000000000000000000000000000000000000000)
2016-03-15 03:46:29 nonce 000D1000: hash = bb03f126531d401b2504b868f44016018d9b27569dc0d53a5a0aa74c612779c0 (target = 00000ffff0000000000000000000000000000000000000000000000000000000)
2016-03-15 03:46:34 nonce 000D2000: hash = e7488e4643bda21b067d1ff042f5b304ab87483fae33dcc08640ce231aa213dd (target = 00000ffff0000000000000000000000000000000000000000000000000000000)
2016-03-15 03:46:40 nonce 000D3000: hash = cc33256cb8c74584a56753bd2673edf545aecfb86a2005622b0ca6cb541ef9f1 (target = 00000ffff0000000000000000000000000000000000000000000000000000000)
2016-03-15 03:46:45 nonce 000D4000: hash = 94687cba69549e1c3d65c4759bb430516513824f3834de8ba5c53faccf124a2e (target = 00000ffff0000000000000000000000000000000000000000000000000000000)
2016-03-15 03:46:51 nonce 000D5000: hash = 70464e10b0338c6fab4418290f60b792a9835472b059bce0ea0163de643e5851 (target = 00000ffff0000000000000000000000000000000000000000000000000000000)
2016-03-15 03:46:56 nonce 000D6000: hash = 42f67c4bf5e651187a8bc1b0d1e23cdb068042a6b2d170806b1eb387e6fb91b8 (target = 00000ffff0000000000000000000000000000000000000000000000000000000)
2016-03-15 03:47:01 nonce 000D7000: hash = 6fd9eed5a575f231e2070e82a3a6179f4d45c98e03b2e8a1134853284dabaccb (target = 00000ffff0000000000000000000000000000000000000000000000000000000)
2016-03-15 03:47:07 nonce 000D8000: hash = e2bdde1f15b2e40d7c8e2a7f34f543c162221d53a8072d9286c06e97c4338efa (target = 00000ffff0000000000000000000000000000000000000000000000000000000)
2016-03-15 03:47:12 nonce 000D9000: hash = f2cdb86e8c84ddac879f20d051c1804e53d64bff074a97843bb19c6b8c93b8e2 (target = 00000ffff0000000000000000000000000000000000000000000000000000000)
2016-03-15 03:47:18 nonce 000DA000: hash = 61c79a119d1f0e0b355daaf8223a8f5a410808ac08ce0657d5c1969b79db507a (target = 00000ffff0000000000000000000000000000000000000000000000000000000)
2016-03-15 03:47:23 nonce 000DB000: hash = 0da19502de7dac23157e83cdc6470106d314f9d42a505b2f5eb89862980685e4 (target = 00000ffff0000000000000000000000000000000000000000000000000000000)
2016-03-15 03:47:29 nonce 000DC000: hash = 895b70647310877e356eb95c8ff3e2e3c7f27352f2074814afe98995c287da5a (target = 00000ffff0000000000000000000000000000000000000000000000000000000)
2016-03-15 03:47:34 block.nTime = 1317972665 
2016-03-15 03:47:34 block.nNonce = 905140 
2016-03-15 03:47:34 block.GetHash = 793ec5ab74a0e7558e0afe326c6987fae6c29362142411f2e0d5c71e9d444f1a
2016-03-15 03:47:34 Pre-allocating up to position 0x1000000 in blk00000.dat
2016-03-15 03:47:34 Pre-allocating up to position 0x100000 in rev00000.dat
